[2019-08-04 23:15:48,034] INFO [Controller id=1] 1 successfully elected as the controller. Epoch incremented to 2 and epoch zk version is now 2 (kafka.controller.KafkaController)
[2019-08-04 23:15:48,035] INFO [Controller id=1] Registering handlers (kafka.controller.KafkaController)
[2019-08-04 23:15:48,037] INFO [Controller id=1] Deleting log dir event notifications (kafka.controller.KafkaController)
[2019-08-04 23:15:48,039] INFO [Controller id=1] Deleting isr change notifications (kafka.controller.KafkaController)
[2019-08-04 23:15:48,040] INFO [Controller id=1] Initializing controller context (kafka.controller.KafkaController)
[2019-08-04 23:15:48,044] INFO [Controller id=1] Initialized broker epochs cache: Map(1 -> 45) (kafka.controller.KafkaController)
[2019-08-04 23:15:48,065] DEBUG [Controller id=1] Register BrokerModifications handler for Set(1) (kafka.controller.KafkaController)
[2019-08-04 23:15:48,076] DEBUG [Channel manager on controller 1]: Controller 1 trying to connect to broker 1 (kafka.controller.ControllerChannelManager)
[2019-08-04 23:15:48,084] INFO [RequestSendThread controllerId=1] Starting (kafka.controller.RequestSendThread)
[2019-08-04 23:15:48,085] INFO [Controller id=1] Partitions being reassigned: Map() (kafka.controller.KafkaController)
[2019-08-04 23:15:48,086] INFO [Controller id=1] Currently active brokers in the cluster: Set(1) (kafka.controller.KafkaController)
[2019-08-04 23:15:48,087] INFO [Controller id=1] Currently shutting brokers in the cluster: Set() (kafka.controller.KafkaController)
[2019-08-04 23:15:48,087] INFO [Controller id=1] Current list of topics in the cluster: Set(python, c, java) (kafka.controller.KafkaController)
[2019-08-04 23:15:48,087] INFO [Controller id=1] Fetching topic deletions in progress (kafka.controller.KafkaController)
[2019-08-04 23:15:48,091] INFO [Controller id=1] List of topics to be deleted:  (kafka.controller.KafkaController)
[2019-08-04 23:15:48,091] INFO [Controller id=1] List of topics ineligible for deletion: python,c,java (kafka.controller.KafkaController)
[2019-08-04 23:15:48,091] INFO [Controller id=1] Initializing topic deletion manager (kafka.controller.KafkaController)
[2019-08-04 23:15:48,092] INFO [Controller id=1] Sending update metadata request (kafka.controller.KafkaController)
[2019-08-04 23:15:48,098] INFO [ReplicaStateMachine controllerId=1] Initializing replica state (kafka.controller.ReplicaStateMachine)
[2019-08-04 23:15:48,102] INFO [RequestSendThread controllerId=1] Controller 1 connected to localhost:9093 (id: 1 rack: null) for sending state change requests (kafka.controller.RequestSendThread)
[2019-08-04 23:15:48,102] INFO [ReplicaStateMachine controllerId=1] Triggering online replica state changes (kafka.controller.ReplicaStateMachine)
[2019-08-04 23:15:48,120] INFO [ReplicaStateMachine controllerId=1] Started replica state machine with initial state -> Map([Topic=java,Partition=1,Replica=0] -> ReplicaDeletionIneligible, [Topic=python,Partition=1,Replica=1] -> OnlineReplica, [Topic=python,Partition=0,Replica=0] -> ReplicaDeletionIneligible, [Topic=java,Partition=0,Replica=1] -> OnlineReplica, [Topic=c,Partition=0,Replica=0] -> ReplicaDeletionIneligible, [Topic=java,Partition=0,Replica=0] -> ReplicaDeletionIneligible, [Topic=python,Partition=0,Replica=1] -> OnlineReplica, [Topic=c,Partition=0,Replica=1] -> OnlineReplica, [Topic=c,Partition=1,Replica=0] -> ReplicaDeletionIneligible, [Topic=c,Partition=1,Replica=1] -> OnlineReplica, [Topic=java,Partition=1,Replica=1] -> OnlineReplica, [Topic=python,Partition=1,Replica=0] -> ReplicaDeletionIneligible) (kafka.controller.ReplicaStateMachine)
[2019-08-04 23:15:48,120] INFO [PartitionStateMachine controllerId=1] Initializing partition state (kafka.controller.PartitionStateMachine)
[2019-08-04 23:15:48,122] INFO [PartitionStateMachine controllerId=1] Triggering online partition state changes (kafka.controller.PartitionStateMachine)
[2019-08-04 23:15:48,124] INFO [PartitionStateMachine controllerId=1] Started partition state machine with initial state -> Map(c-1 -> OnlinePartition, python-1 -> OnlinePartition, java-0 -> OnlinePartition, c-0 -> OnlinePartition, python-0 -> OnlinePartition, java-1 -> OnlinePartition) (kafka.controller.PartitionStateMachine)
[2019-08-04 23:15:48,124] INFO [Controller id=1] Ready to serve as the new controller with epoch 2 (kafka.controller.KafkaController)
[2019-08-04 23:15:48,125] INFO [Controller id=1] Removing partitions Set() from the list of reassigned partitions in zookeeper (kafka.controller.KafkaController)
[2019-08-04 23:15:48,126] INFO [Controller id=1] No more partitions need to be reassigned. Deleting zk path /admin/reassign_partitions (kafka.controller.KafkaController)
[2019-08-04 23:15:48,128] INFO [Controller id=1] Partitions undergoing preferred replica election:  (kafka.controller.KafkaController)
[2019-08-04 23:15:48,128] INFO [Controller id=1] Partitions that completed preferred replica election:  (kafka.controller.KafkaController)
[2019-08-04 23:15:48,128] INFO [Controller id=1] Skipping preferred replica election for partitions due to topic deletion:  (kafka.controller.KafkaController)
[2019-08-04 23:15:48,128] INFO [Controller id=1] Resuming preferred replica election for partitions:  (kafka.controller.KafkaController)
[2019-08-04 23:15:48,129] INFO [Controller id=1] Starting preferred replica leader election for partitions  (kafka.controller.KafkaController)
[2019-08-04 23:15:48,143] INFO [Controller id=1] Starting the controller scheduler (kafka.controller.KafkaController)
[2019-08-04 23:15:52,442] INFO [Controller id=1] Shutting down broker 1 (kafka.controller.KafkaController)
[2019-08-04 23:15:52,443] DEBUG [Controller id=1] All shutting down brokers: 1 (kafka.controller.KafkaController)
[2019-08-04 23:15:52,443] DEBUG [Controller id=1] Live brokers:  (kafka.controller.KafkaController)
[2019-08-04 23:15:52,464] TRACE [Controller id=1] All leaders = c-1 -> (Leader:1,ISR:1,LeaderEpoch:1,ControllerEpoch:1),python-1 -> (Leader:1,ISR:1,LeaderEpoch:1,ControllerEpoch:1),java-0 -> (Leader:1,ISR:1,LeaderEpoch:1,ControllerEpoch:1),c-0 -> (Leader:1,ISR:1,LeaderEpoch:1,ControllerEpoch:1),python-0 -> (Leader:1,ISR:1,LeaderEpoch:1,ControllerEpoch:1),java-1 -> (Leader:1,ISR:1,LeaderEpoch:1,ControllerEpoch:1) (kafka.controller.KafkaController)
[2019-08-04 23:15:53,151] TRACE [Controller id=1] Checking need to trigger auto leader balancing (kafka.controller.KafkaController)
[2019-08-04 23:15:53,154] DEBUG [Controller id=1] Preferred replicas by broker Map(1 -> Map(c-1 -> Vector(1, 0), python-1 -> Vector(1, 0), java-0 -> Vector(1, 0)), 0 -> Map(c-0 -> Vector(0, 1), python-0 -> Vector(0, 1), java-1 -> Vector(0, 1))) (kafka.controller.KafkaController)
[2019-08-04 23:15:53,155] DEBUG [Controller id=1] Topics not in preferred replica for broker 1 Map() (kafka.controller.KafkaController)
[2019-08-04 23:15:53,157] TRACE [Controller id=1] Leader imbalance ratio for broker 1 is 0.0 (kafka.controller.KafkaController)
[2019-08-04 23:15:53,157] DEBUG [Controller id=1] Topics not in preferred replica for broker 0 Map(c-0 -> Vector(0, 1), python-0 -> Vector(0, 1), java-1 -> Vector(0, 1)) (kafka.controller.KafkaController)
[2019-08-04 23:15:53,157] TRACE [Controller id=1] Leader imbalance ratio for broker 0 is 1.0 (kafka.controller.KafkaController)
[2019-08-04 23:15:53,157] INFO [Controller id=1] Starting preferred replica leader election for partitions  (kafka.controller.KafkaController)
[2019-08-04 23:16:16,636] DEBUG preRegister called. Server=com.sun.jmx.mbeanserver.JmxMBeanServer@30a3107a, name=log4j:logger=kafka.controller (kafka.controller)
[2019-08-04 23:16:17,264] INFO [Controller id=1] Shutting down broker 1 (kafka.controller.KafkaController)
[2019-08-04 23:16:17,271] DEBUG [Controller id=1] All shutting down brokers: 1 (kafka.controller.KafkaController)
[2019-08-04 23:16:17,277] DEBUG [Controller id=1] Live brokers:  (kafka.controller.KafkaController)
[2019-08-04 23:16:17,303] TRACE [Controller id=1] All leaders = c-1 -> (Leader:1,ISR:1,LeaderEpoch:1,ControllerEpoch:1),python-1 -> (Leader:1,ISR:1,LeaderEpoch:1,ControllerEpoch:1),java-0 -> (Leader:1,ISR:1,LeaderEpoch:1,ControllerEpoch:1),c-0 -> (Leader:1,ISR:1,LeaderEpoch:1,ControllerEpoch:1),python-0 -> (Leader:1,ISR:1,LeaderEpoch:1,ControllerEpoch:1),java-1 -> (Leader:1,ISR:1,LeaderEpoch:1,ControllerEpoch:1) (kafka.controller.KafkaController)
[2019-08-04 23:16:22,319] INFO [Controller id=1] Shutting down broker 1 (kafka.controller.KafkaController)
[2019-08-04 23:16:22,319] DEBUG [Controller id=1] All shutting down brokers: 1 (kafka.controller.KafkaController)
[2019-08-04 23:16:22,319] DEBUG [Controller id=1] Live brokers:  (kafka.controller.KafkaController)
[2019-08-04 23:16:22,323] TRACE [Controller id=1] All leaders = c-1 -> (Leader:1,ISR:1,LeaderEpoch:1,ControllerEpoch:1),python-1 -> (Leader:1,ISR:1,LeaderEpoch:1,ControllerEpoch:1),java-0 -> (Leader:1,ISR:1,LeaderEpoch:1,ControllerEpoch:1),c-0 -> (Leader:1,ISR:1,LeaderEpoch:1,ControllerEpoch:1),python-0 -> (Leader:1,ISR:1,LeaderEpoch:1,ControllerEpoch:1),java-1 -> (Leader:1,ISR:1,LeaderEpoch:1,ControllerEpoch:1) (kafka.controller.KafkaController)
[2019-08-04 23:16:28,281] INFO [ControllerEventThread controllerId=1] Shutting down (kafka.controller.ControllerEventManager$ControllerEventThread)
[2019-08-04 23:16:28,281] INFO [ControllerEventThread controllerId=1] Stopped (kafka.controller.ControllerEventManager$ControllerEventThread)
[2019-08-04 23:16:28,281] INFO [ControllerEventThread controllerId=1] Shutdown completed (kafka.controller.ControllerEventManager$ControllerEventThread)
[2019-08-04 23:16:28,281] DEBUG [Controller id=1] Resigning (kafka.controller.KafkaController)
[2019-08-04 23:16:28,281] DEBUG [Controller id=1] Unregister BrokerModifications handler for Set(1) (kafka.controller.KafkaController)
[2019-08-04 23:16:28,283] INFO [PartitionStateMachine controllerId=1] Stopped partition state machine (kafka.controller.PartitionStateMachine)
[2019-08-04 23:16:28,284] INFO [ReplicaStateMachine controllerId=1] Stopped replica state machine (kafka.controller.ReplicaStateMachine)
[2019-08-04 23:16:28,284] INFO [RequestSendThread controllerId=1] Shutting down (kafka.controller.RequestSendThread)
[2019-08-04 23:16:28,284] INFO [RequestSendThread controllerId=1] Shutdown completed (kafka.controller.RequestSendThread)
[2019-08-04 23:16:28,284] INFO [RequestSendThread controllerId=1] Stopped (kafka.controller.RequestSendThread)
[2019-08-04 23:16:28,286] INFO [Controller id=1] Resigned (kafka.controller.KafkaController)
