[2019-08-04 23:15:47,183] TRACE [Broker id=1] Received LeaderAndIsr request PartitionState(controllerEpoch=1, leader=1, leaderEpoch=1, isr=1, zkVersion=1, replicas=0,1, isNew=false) correlation id 5 from controller 0 epoch 1 for partition python-0 (state.change.logger)
[2019-08-04 23:15:47,186] TRACE [Broker id=1] Received LeaderAndIsr request PartitionState(controllerEpoch=1, leader=1, leaderEpoch=1, isr=1, zkVersion=1, replicas=0,1, isNew=false) correlation id 5 from controller 0 epoch 1 for partition java-1 (state.change.logger)
[2019-08-04 23:15:47,186] TRACE [Broker id=1] Received LeaderAndIsr request PartitionState(controllerEpoch=1, leader=1, leaderEpoch=1, isr=1, zkVersion=1, replicas=0,1, isNew=false) correlation id 5 from controller 0 epoch 1 for partition c-0 (state.change.logger)
[2019-08-04 23:15:47,187] TRACE [Broker id=1] Handling LeaderAndIsr request correlationId 5 from controller 0 epoch 1 starting the become-leader transition for partition python-0 (state.change.logger)
[2019-08-04 23:15:47,187] TRACE [Broker id=1] Handling LeaderAndIsr request correlationId 5 from controller 0 epoch 1 starting the become-leader transition for partition c-0 (state.change.logger)
[2019-08-04 23:15:47,187] TRACE [Broker id=1] Handling LeaderAndIsr request correlationId 5 from controller 0 epoch 1 starting the become-leader transition for partition java-1 (state.change.logger)
[2019-08-04 23:15:47,194] TRACE [Broker id=1] Stopped fetchers as part of become-leader request from controller 0 epoch 1 with correlation id 5 for partition python-0 (last update controller epoch 1) (state.change.logger)
[2019-08-04 23:15:47,196] TRACE [Broker id=1] Stopped fetchers as part of become-leader request from controller 0 epoch 1 with correlation id 5 for partition c-0 (last update controller epoch 1) (state.change.logger)
[2019-08-04 23:15:47,198] TRACE [Broker id=1] Stopped fetchers as part of become-leader request from controller 0 epoch 1 with correlation id 5 for partition java-1 (last update controller epoch 1) (state.change.logger)
[2019-08-04 23:15:47,198] TRACE [Broker id=1] Completed LeaderAndIsr request correlationId 5 from controller 0 epoch 1 for the become-leader transition for partition python-0 (state.change.logger)
[2019-08-04 23:15:47,198] TRACE [Broker id=1] Completed LeaderAndIsr request correlationId 5 from controller 0 epoch 1 for the become-leader transition for partition c-0 (state.change.logger)
[2019-08-04 23:15:47,198] TRACE [Broker id=1] Completed LeaderAndIsr request correlationId 5 from controller 0 epoch 1 for the become-leader transition for partition java-1 (state.change.logger)
[2019-08-04 23:15:47,209] TRACE [Broker id=1] Cached leader info PartitionState(controllerEpoch=1, leader=1, leaderEpoch=1, isr=[1], zkVersion=1, replicas=[0, 1], offlineReplicas=[0]) for partition python-0 in response to UpdateMetadata request sent by controller 0 epoch 1 with correlation id 6 (state.change.logger)
[2019-08-04 23:15:47,213] TRACE [Broker id=1] Cached leader info PartitionState(controllerEpoch=1, leader=1, leaderEpoch=1, isr=[1], zkVersion=1, replicas=[0, 1], offlineReplicas=[0]) for partition java-1 in response to UpdateMetadata request sent by controller 0 epoch 1 with correlation id 6 (state.change.logger)
[2019-08-04 23:15:47,214] TRACE [Broker id=1] Cached leader info PartitionState(controllerEpoch=1, leader=1, leaderEpoch=1, isr=[1], zkVersion=1, replicas=[0, 1], offlineReplicas=[0]) for partition c-0 in response to UpdateMetadata request sent by controller 0 epoch 1 with correlation id 6 (state.change.logger)
[2019-08-04 23:15:47,220] TRACE [Broker id=1] Received LeaderAndIsr request PartitionState(controllerEpoch=1, leader=1, leaderEpoch=1, isr=1, zkVersion=1, replicas=1,0, isNew=false) correlation id 7 from controller 0 epoch 1 for partition python-1 (state.change.logger)
[2019-08-04 23:15:47,220] TRACE [Broker id=1] Received LeaderAndIsr request PartitionState(controllerEpoch=1, leader=1, leaderEpoch=1, isr=1, zkVersion=1, replicas=1,0, isNew=false) correlation id 7 from controller 0 epoch 1 for partition java-0 (state.change.logger)
[2019-08-04 23:15:47,220] TRACE [Broker id=1] Received LeaderAndIsr request PartitionState(controllerEpoch=1, leader=1, leaderEpoch=1, isr=1, zkVersion=1, replicas=1,0, isNew=false) correlation id 7 from controller 0 epoch 1 for partition c-1 (state.change.logger)
[2019-08-04 23:15:47,221] TRACE [Broker id=1] Handling LeaderAndIsr request correlationId 7 from controller 0 epoch 1 starting the become-leader transition for partition java-0 (state.change.logger)
[2019-08-04 23:15:47,221] TRACE [Broker id=1] Handling LeaderAndIsr request correlationId 7 from controller 0 epoch 1 starting the become-leader transition for partition c-1 (state.change.logger)
[2019-08-04 23:15:47,221] TRACE [Broker id=1] Handling LeaderAndIsr request correlationId 7 from controller 0 epoch 1 starting the become-leader transition for partition python-1 (state.change.logger)
[2019-08-04 23:15:47,225] INFO [Broker id=1] Skipped the become-leader state change after marking its partition as leader with correlation id 7 from controller 0 epoch 1 for partition java-0 (last update controller epoch 1) since it is already the leader for the partition. (state.change.logger)
[2019-08-04 23:15:47,227] INFO [Broker id=1] Skipped the become-leader state change after marking its partition as leader with correlation id 7 from controller 0 epoch 1 for partition c-1 (last update controller epoch 1) since it is already the leader for the partition. (state.change.logger)
[2019-08-04 23:15:47,228] INFO [Broker id=1] Skipped the become-leader state change after marking its partition as leader with correlation id 7 from controller 0 epoch 1 for partition python-1 (last update controller epoch 1) since it is already the leader for the partition. (state.change.logger)
[2019-08-04 23:15:47,228] TRACE [Broker id=1] Completed LeaderAndIsr request correlationId 7 from controller 0 epoch 1 for the become-leader transition for partition java-0 (state.change.logger)
[2019-08-04 23:15:47,228] TRACE [Broker id=1] Completed LeaderAndIsr request correlationId 7 from controller 0 epoch 1 for the become-leader transition for partition c-1 (state.change.logger)
[2019-08-04 23:15:47,228] TRACE [Broker id=1] Completed LeaderAndIsr request correlationId 7 from controller 0 epoch 1 for the become-leader transition for partition python-1 (state.change.logger)
[2019-08-04 23:15:47,231] TRACE [Broker id=1] Cached leader info PartitionState(controllerEpoch=1, leader=1, leaderEpoch=1, isr=[1], zkVersion=1, replicas=[1, 0], offlineReplicas=[0]) for partition python-1 in response to UpdateMetadata request sent by controller 0 epoch 1 with correlation id 8 (state.change.logger)
[2019-08-04 23:15:47,231] TRACE [Broker id=1] Cached leader info PartitionState(controllerEpoch=1, leader=1, leaderEpoch=1, isr=[1], zkVersion=1, replicas=[1, 0], offlineReplicas=[0]) for partition java-0 in response to UpdateMetadata request sent by controller 0 epoch 1 with correlation id 8 (state.change.logger)
[2019-08-04 23:15:47,231] TRACE [Broker id=1] Cached leader info PartitionState(controllerEpoch=1, leader=1, leaderEpoch=1, isr=[1], zkVersion=1, replicas=[1, 0], offlineReplicas=[0]) for partition c-1 in response to UpdateMetadata request sent by controller 0 epoch 1 with correlation id 8 (state.change.logger)
[2019-08-04 23:15:48,104] TRACE [Controller id=1 epoch=2] Received response {error_code=0} for request UPDATE_METADATA with correlation id 0 sent to broker localhost:9093 (id: 1 rack: null) (state.change.logger)
[2019-08-04 23:15:48,115] TRACE [Controller id=1 epoch=2] Changed state of replica 1 for partition java-0 from OnlineReplica to OnlineReplica (state.change.logger)
[2019-08-04 23:15:48,116] TRACE [Controller id=1 epoch=2] Changed state of replica 1 for partition c-1 from OnlineReplica to OnlineReplica (state.change.logger)
[2019-08-04 23:15:48,116] TRACE [Controller id=1 epoch=2] Changed state of replica 1 for partition c-0 from OnlineReplica to OnlineReplica (state.change.logger)
[2019-08-04 23:15:48,116] TRACE [Controller id=1 epoch=2] Changed state of replica 1 for partition python-1 from OnlineReplica to OnlineReplica (state.change.logger)
[2019-08-04 23:15:48,116] TRACE [Controller id=1 epoch=2] Changed state of replica 1 for partition python-0 from OnlineReplica to OnlineReplica (state.change.logger)
[2019-08-04 23:15:48,116] TRACE [Controller id=1 epoch=2] Changed state of replica 1 for partition java-1 from OnlineReplica to OnlineReplica (state.change.logger)
[2019-08-04 23:15:48,117] TRACE [Controller id=1 epoch=2] Sending become-leader LeaderAndIsr request PartitionState(controllerEpoch=1, leader=1, leaderEpoch=1, isr=1, zkVersion=1, replicas=1,0, isNew=false) to broker 1 for partition c-1 (state.change.logger)
[2019-08-04 23:15:48,117] TRACE [Controller id=1 epoch=2] Sending become-leader LeaderAndIsr request PartitionState(controllerEpoch=1, leader=1, leaderEpoch=1, isr=1, zkVersion=1, replicas=1,0, isNew=false) to broker 1 for partition python-1 (state.change.logger)
[2019-08-04 23:15:48,117] TRACE [Controller id=1 epoch=2] Sending become-leader LeaderAndIsr request PartitionState(controllerEpoch=1, leader=1, leaderEpoch=1, isr=1, zkVersion=1, replicas=1,0, isNew=false) to broker 1 for partition java-0 (state.change.logger)
[2019-08-04 23:15:48,117] TRACE [Controller id=1 epoch=2] Sending become-leader LeaderAndIsr request PartitionState(controllerEpoch=1, leader=1, leaderEpoch=1, isr=1, zkVersion=1, replicas=0,1, isNew=false) to broker 1 for partition c-0 (state.change.logger)
[2019-08-04 23:15:48,117] TRACE [Controller id=1 epoch=2] Sending become-leader LeaderAndIsr request PartitionState(controllerEpoch=1, leader=1, leaderEpoch=1, isr=1, zkVersion=1, replicas=0,1, isNew=false) to broker 1 for partition python-0 (state.change.logger)
[2019-08-04 23:15:48,117] TRACE [Controller id=1 epoch=2] Sending become-leader LeaderAndIsr request PartitionState(controllerEpoch=1, leader=1, leaderEpoch=1, isr=1, zkVersion=1, replicas=0,1, isNew=false) to broker 1 for partition java-1 (state.change.logger)
[2019-08-04 23:15:48,119] TRACE [Controller id=1 epoch=2] Sending UpdateMetadata request PartitionState(controllerEpoch=1, leader=1, leaderEpoch=1, isr=[1], zkVersion=1, replicas=[1, 0], offlineReplicas=[0]) to brokers Set(1) for partition c-1 (state.change.logger)
[2019-08-04 23:15:48,119] TRACE [Controller id=1 epoch=2] Sending UpdateMetadata request PartitionState(controllerEpoch=1, leader=1, leaderEpoch=1, isr=[1], zkVersion=1, replicas=[1, 0], offlineReplicas=[0]) to brokers Set(1) for partition python-1 (state.change.logger)
[2019-08-04 23:15:48,119] TRACE [Controller id=1 epoch=2] Sending UpdateMetadata request PartitionState(controllerEpoch=1, leader=1, leaderEpoch=1, isr=[1], zkVersion=1, replicas=[1, 0], offlineReplicas=[0]) to brokers Set(1) for partition java-0 (state.change.logger)
[2019-08-04 23:15:48,119] TRACE [Controller id=1 epoch=2] Sending UpdateMetadata request PartitionState(controllerEpoch=1, leader=1, leaderEpoch=1, isr=[1], zkVersion=1, replicas=[0, 1], offlineReplicas=[0]) to brokers Set(1) for partition c-0 (state.change.logger)
[2019-08-04 23:15:48,119] TRACE [Controller id=1 epoch=2] Sending UpdateMetadata request PartitionState(controllerEpoch=1, leader=1, leaderEpoch=1, isr=[1], zkVersion=1, replicas=[0, 1], offlineReplicas=[0]) to brokers Set(1) for partition python-0 (state.change.logger)
[2019-08-04 23:15:48,119] TRACE [Controller id=1 epoch=2] Sending UpdateMetadata request PartitionState(controllerEpoch=1, leader=1, leaderEpoch=1, isr=[1], zkVersion=1, replicas=[0, 1], offlineReplicas=[0]) to brokers Set(1) for partition java-1 (state.change.logger)
[2019-08-04 23:15:48,119] TRACE [Broker id=1] Received LeaderAndIsr request PartitionState(controllerEpoch=1, leader=1, leaderEpoch=1, isr=1, zkVersion=1, replicas=1,0, isNew=false) correlation id 1 from controller 1 epoch 2 for partition python-1 (state.change.logger)
[2019-08-04 23:15:48,119] TRACE [Broker id=1] Received LeaderAndIsr request PartitionState(controllerEpoch=1, leader=1, leaderEpoch=1, isr=1, zkVersion=1, replicas=1,0, isNew=false) correlation id 1 from controller 1 epoch 2 for partition java-0 (state.change.logger)
[2019-08-04 23:15:48,119] TRACE [Broker id=1] Received LeaderAndIsr request PartitionState(controllerEpoch=1, leader=1, leaderEpoch=1, isr=1, zkVersion=1, replicas=0,1, isNew=false) correlation id 1 from controller 1 epoch 2 for partition python-0 (state.change.logger)
[2019-08-04 23:15:48,119] TRACE [Broker id=1] Received LeaderAndIsr request PartitionState(controllerEpoch=1, leader=1, leaderEpoch=1, isr=1, zkVersion=1, replicas=0,1, isNew=false) correlation id 1 from controller 1 epoch 2 for partition java-1 (state.change.logger)
[2019-08-04 23:15:48,119] TRACE [Broker id=1] Received LeaderAndIsr request PartitionState(controllerEpoch=1, leader=1, leaderEpoch=1, isr=1, zkVersion=1, replicas=1,0, isNew=false) correlation id 1 from controller 1 epoch 2 for partition c-1 (state.change.logger)
[2019-08-04 23:15:48,119] TRACE [Broker id=1] Received LeaderAndIsr request PartitionState(controllerEpoch=1, leader=1, leaderEpoch=1, isr=1, zkVersion=1, replicas=0,1, isNew=false) correlation id 1 from controller 1 epoch 2 for partition c-0 (state.change.logger)
[2019-08-04 23:15:48,120] WARN [Broker id=1] Ignoring LeaderAndIsr request from controller 1 with correlation id 1 epoch 2 for partition python-1 since its associated leader epoch 1 is not higher than the current leader epoch 1 (state.change.logger)
[2019-08-04 23:15:48,120] WARN [Broker id=1] Ignoring LeaderAndIsr request from controller 1 with correlation id 1 epoch 2 for partition java-0 since its associated leader epoch 1 is not higher than the current leader epoch 1 (state.change.logger)
[2019-08-04 23:15:48,120] WARN [Broker id=1] Ignoring LeaderAndIsr request from controller 1 with correlation id 1 epoch 2 for partition python-0 since its associated leader epoch 1 is not higher than the current leader epoch 1 (state.change.logger)
[2019-08-04 23:15:48,120] WARN [Broker id=1] Ignoring LeaderAndIsr request from controller 1 with correlation id 1 epoch 2 for partition java-1 since its associated leader epoch 1 is not higher than the current leader epoch 1 (state.change.logger)
[2019-08-04 23:15:48,120] WARN [Broker id=1] Ignoring LeaderAndIsr request from controller 1 with correlation id 1 epoch 2 for partition c-1 since its associated leader epoch 1 is not higher than the current leader epoch 1 (state.change.logger)
[2019-08-04 23:15:48,120] WARN [Broker id=1] Ignoring LeaderAndIsr request from controller 1 with correlation id 1 epoch 2 for partition c-0 since its associated leader epoch 1 is not higher than the current leader epoch 1 (state.change.logger)
[2019-08-04 23:15:48,121] TRACE [Controller id=1 epoch=2] Received response {error_code=0,partitions=[{topic=python,partition=1,error_code=11},{topic=java,partition=0,error_code=11},{topic=c,partition=1,error_code=11},{topic=python,partition=0,error_code=11},{topic=java,partition=1,error_code=11},{topic=c,partition=0,error_code=11}]} for request LEADER_AND_ISR with correlation id 1 sent to broker localhost:9093 (id: 1 rack: null) (state.change.logger)
[2019-08-04 23:15:48,123] TRACE [Broker id=1] Cached leader info PartitionState(controllerEpoch=1, leader=1, leaderEpoch=1, isr=[1], zkVersion=1, replicas=[1, 0], offlineReplicas=[0]) for partition python-1 in response to UpdateMetadata request sent by controller 1 epoch 2 with correlation id 2 (state.change.logger)
[2019-08-04 23:15:48,123] TRACE [Broker id=1] Cached leader info PartitionState(controllerEpoch=1, leader=1, leaderEpoch=1, isr=[1], zkVersion=1, replicas=[1, 0], offlineReplicas=[0]) for partition java-0 in response to UpdateMetadata request sent by controller 1 epoch 2 with correlation id 2 (state.change.logger)
[2019-08-04 23:15:48,123] TRACE [Broker id=1] Cached leader info PartitionState(controllerEpoch=1, leader=1, leaderEpoch=1, isr=[1], zkVersion=1, replicas=[0, 1], offlineReplicas=[0]) for partition python-0 in response to UpdateMetadata request sent by controller 1 epoch 2 with correlation id 2 (state.change.logger)
[2019-08-04 23:15:48,123] TRACE [Broker id=1] Cached leader info PartitionState(controllerEpoch=1, leader=1, leaderEpoch=1, isr=[1], zkVersion=1, replicas=[0, 1], offlineReplicas=[0]) for partition java-1 in response to UpdateMetadata request sent by controller 1 epoch 2 with correlation id 2 (state.change.logger)
[2019-08-04 23:15:48,123] TRACE [Broker id=1] Cached leader info PartitionState(controllerEpoch=1, leader=1, leaderEpoch=1, isr=[1], zkVersion=1, replicas=[1, 0], offlineReplicas=[0]) for partition c-1 in response to UpdateMetadata request sent by controller 1 epoch 2 with correlation id 2 (state.change.logger)
[2019-08-04 23:15:48,123] TRACE [Broker id=1] Cached leader info PartitionState(controllerEpoch=1, leader=1, leaderEpoch=1, isr=[1], zkVersion=1, replicas=[0, 1], offlineReplicas=[0]) for partition c-0 in response to UpdateMetadata request sent by controller 1 epoch 2 with correlation id 2 (state.change.logger)
[2019-08-04 23:15:48,123] TRACE [Controller id=1 epoch=2] Received response {error_code=0} for request UPDATE_METADATA with correlation id 2 sent to broker localhost:9093 (id: 1 rack: null) (state.change.logger)
[2019-08-04 23:15:52,455] ERROR [Controller id=1 epoch=2] Controller 1 epoch 2 failed to change state for partition c-1 from OnlinePartition to OnlinePartition (state.change.logger)
kafka.common.StateChangeFailedException: Failed to elect leader for partition c-1 under strategy ControlledShutdownPartitionLeaderElectionStrategy
	at kafka.controller.PartitionStateMachine.$anonfun$doElectLeaderForPartitions$9(PartitionStateMachine.scala:390)
	at scala.collection.mutable.ResizableArray.foreach(ResizableArray.scala:62)
	at scala.collection.mutable.ResizableArray.foreach$(ResizableArray.scala:55)
	at scala.collection.mutable.ArrayBuffer.foreach(ArrayBuffer.scala:49)
	at kafka.controller.PartitionStateMachine.doElectLeaderForPartitions(PartitionStateMachine.scala:388)
	at kafka.controller.PartitionStateMachine.electLeaderForPartitions(PartitionStateMachine.scala:315)
	at kafka.controller.PartitionStateMachine.doHandleStateChanges(PartitionStateMachine.scala:225)
	at kafka.controller.PartitionStateMachine.handleStateChanges(PartitionStateMachine.scala:141)
	at kafka.controller.KafkaController$ControlledShutdown.doControlledShutdown(KafkaController.scala:1094)
	at kafka.controller.KafkaController$ControlledShutdown.$anonfun$handleProcess$1(KafkaController.scala:1056)
	at scala.util.Try$.apply(Try.scala:213)
	at kafka.controller.KafkaController$ControlledShutdown.handleProcess(KafkaController.scala:1056)
	at kafka.controller.PreemptableControllerEvent.process(KafkaController.scala:1809)
	at kafka.controller.PreemptableControllerEvent.process$(KafkaController.scala:1807)
	at kafka.controller.KafkaController$ControlledShutdown.process(KafkaController.scala:1047)
	at kafka.controller.ControllerEventManager$ControllerEventThread.$anonfun$doWork$1(ControllerEventManager.scala:94)
	at scala.runtime.java8.JFunction0$mcV$sp.apply(JFunction0$mcV$sp.java:23)
	at kafka.metrics.KafkaTimer.time(KafkaTimer.scala:31)
	at kafka.controller.ControllerEventManager$ControllerEventThread.doWork(ControllerEventManager.scala:94)
	at kafka.utils.ShutdownableThread.run(ShutdownableThread.scala:82)
[2019-08-04 23:15:52,461] ERROR [Controller id=1 epoch=2] Controller 1 epoch 2 failed to change state for partition python-1 from OnlinePartition to OnlinePartition (state.change.logger)
kafka.common.StateChangeFailedException: Failed to elect leader for partition python-1 under strategy ControlledShutdownPartitionLeaderElectionStrategy
	at kafka.controller.PartitionStateMachine.$anonfun$doElectLeaderForPartitions$9(PartitionStateMachine.scala:390)
	at scala.collection.mutable.ResizableArray.foreach(ResizableArray.scala:62)
	at scala.collection.mutable.ResizableArray.foreach$(ResizableArray.scala:55)
	at scala.collection.mutable.ArrayBuffer.foreach(ArrayBuffer.scala:49)
	at kafka.controller.PartitionStateMachine.doElectLeaderForPartitions(PartitionStateMachine.scala:388)
	at kafka.controller.PartitionStateMachine.electLeaderForPartitions(PartitionStateMachine.scala:315)
	at kafka.controller.PartitionStateMachine.doHandleStateChanges(PartitionStateMachine.scala:225)
	at kafka.controller.PartitionStateMachine.handleStateChanges(PartitionStateMachine.scala:141)
	at kafka.controller.KafkaController$ControlledShutdown.doControlledShutdown(KafkaController.scala:1094)
	at kafka.controller.KafkaController$ControlledShutdown.$anonfun$handleProcess$1(KafkaController.scala:1056)
	at scala.util.Try$.apply(Try.scala:213)
	at kafka.controller.KafkaController$ControlledShutdown.handleProcess(KafkaController.scala:1056)
	at kafka.controller.PreemptableControllerEvent.process(KafkaController.scala:1809)
	at kafka.controller.PreemptableControllerEvent.process$(KafkaController.scala:1807)
	at kafka.controller.KafkaController$ControlledShutdown.process(KafkaController.scala:1047)
	at kafka.controller.ControllerEventManager$ControllerEventThread.$anonfun$doWork$1(ControllerEventManager.scala:94)
	at scala.runtime.java8.JFunction0$mcV$sp.apply(JFunction0$mcV$sp.java:23)
	at kafka.metrics.KafkaTimer.time(KafkaTimer.scala:31)
	at kafka.controller.ControllerEventManager$ControllerEventThread.doWork(ControllerEventManager.scala:94)
	at kafka.utils.ShutdownableThread.run(ShutdownableThread.scala:82)
[2019-08-04 23:15:52,462] ERROR [Controller id=1 epoch=2] Controller 1 epoch 2 failed to change state for partition c-0 from OnlinePartition to OnlinePartition (state.change.logger)
kafka.common.StateChangeFailedException: Failed to elect leader for partition c-0 under strategy ControlledShutdownPartitionLeaderElectionStrategy
	at kafka.controller.PartitionStateMachine.$anonfun$doElectLeaderForPartitions$9(PartitionStateMachine.scala:390)
	at scala.collection.mutable.ResizableArray.foreach(ResizableArray.scala:62)
	at scala.collection.mutable.ResizableArray.foreach$(ResizableArray.scala:55)
	at scala.collection.mutable.ArrayBuffer.foreach(ArrayBuffer.scala:49)
	at kafka.controller.PartitionStateMachine.doElectLeaderForPartitions(PartitionStateMachine.scala:388)
	at kafka.controller.PartitionStateMachine.electLeaderForPartitions(PartitionStateMachine.scala:315)
	at kafka.controller.PartitionStateMachine.doHandleStateChanges(PartitionStateMachine.scala:225)
	at kafka.controller.PartitionStateMachine.handleStateChanges(PartitionStateMachine.scala:141)
	at kafka.controller.KafkaController$ControlledShutdown.doControlledShutdown(KafkaController.scala:1094)
	at kafka.controller.KafkaController$ControlledShutdown.$anonfun$handleProcess$1(KafkaController.scala:1056)
	at scala.util.Try$.apply(Try.scala:213)
	at kafka.controller.KafkaController$ControlledShutdown.handleProcess(KafkaController.scala:1056)
	at kafka.controller.PreemptableControllerEvent.process(KafkaController.scala:1809)
	at kafka.controller.PreemptableControllerEvent.process$(KafkaController.scala:1807)
	at kafka.controller.KafkaController$ControlledShutdown.process(KafkaController.scala:1047)
	at kafka.controller.ControllerEventManager$ControllerEventThread.$anonfun$doWork$1(ControllerEventManager.scala:94)
	at scala.runtime.java8.JFunction0$mcV$sp.apply(JFunction0$mcV$sp.java:23)
	at kafka.metrics.KafkaTimer.time(KafkaTimer.scala:31)
	at kafka.controller.ControllerEventManager$ControllerEventThread.doWork(ControllerEventManager.scala:94)
	at kafka.utils.ShutdownableThread.run(ShutdownableThread.scala:82)
[2019-08-04 23:15:52,462] ERROR [Controller id=1 epoch=2] Controller 1 epoch 2 failed to change state for partition python-0 from OnlinePartition to OnlinePartition (state.change.logger)
kafka.common.StateChangeFailedException: Failed to elect leader for partition python-0 under strategy ControlledShutdownPartitionLeaderElectionStrategy
	at kafka.controller.PartitionStateMachine.$anonfun$doElectLeaderForPartitions$9(PartitionStateMachine.scala:390)
	at scala.collection.mutable.ResizableArray.foreach(ResizableArray.scala:62)
	at scala.collection.mutable.ResizableArray.foreach$(ResizableArray.scala:55)
	at scala.collection.mutable.ArrayBuffer.foreach(ArrayBuffer.scala:49)
	at kafka.controller.PartitionStateMachine.doElectLeaderForPartitions(PartitionStateMachine.scala:388)
	at kafka.controller.PartitionStateMachine.electLeaderForPartitions(PartitionStateMachine.scala:315)
	at kafka.controller.PartitionStateMachine.doHandleStateChanges(PartitionStateMachine.scala:225)
	at kafka.controller.PartitionStateMachine.handleStateChanges(PartitionStateMachine.scala:141)
	at kafka.controller.KafkaController$ControlledShutdown.doControlledShutdown(KafkaController.scala:1094)
	at kafka.controller.KafkaController$ControlledShutdown.$anonfun$handleProcess$1(KafkaController.scala:1056)
	at scala.util.Try$.apply(Try.scala:213)
	at kafka.controller.KafkaController$ControlledShutdown.handleProcess(KafkaController.scala:1056)
	at kafka.controller.PreemptableControllerEvent.process(KafkaController.scala:1809)
	at kafka.controller.PreemptableControllerEvent.process$(KafkaController.scala:1807)
	at kafka.controller.KafkaController$ControlledShutdown.process(KafkaController.scala:1047)
	at kafka.controller.ControllerEventManager$ControllerEventThread.$anonfun$doWork$1(ControllerEventManager.scala:94)
	at scala.runtime.java8.JFunction0$mcV$sp.apply(JFunction0$mcV$sp.java:23)
	at kafka.metrics.KafkaTimer.time(KafkaTimer.scala:31)
	at kafka.controller.ControllerEventManager$ControllerEventThread.doWork(ControllerEventManager.scala:94)
	at kafka.utils.ShutdownableThread.run(ShutdownableThread.scala:82)
[2019-08-04 23:15:52,462] ERROR [Controller id=1 epoch=2] Controller 1 epoch 2 failed to change state for partition java-1 from OnlinePartition to OnlinePartition (state.change.logger)
kafka.common.StateChangeFailedException: Failed to elect leader for partition java-1 under strategy ControlledShutdownPartitionLeaderElectionStrategy
	at kafka.controller.PartitionStateMachine.$anonfun$doElectLeaderForPartitions$9(PartitionStateMachine.scala:390)
	at scala.collection.mutable.ResizableArray.foreach(ResizableArray.scala:62)
	at scala.collection.mutable.ResizableArray.foreach$(ResizableArray.scala:55)
	at scala.collection.mutable.ArrayBuffer.foreach(ArrayBuffer.scala:49)
	at kafka.controller.PartitionStateMachine.doElectLeaderForPartitions(PartitionStateMachine.scala:388)
	at kafka.controller.PartitionStateMachine.electLeaderForPartitions(PartitionStateMachine.scala:315)
	at kafka.controller.PartitionStateMachine.doHandleStateChanges(PartitionStateMachine.scala:225)
	at kafka.controller.PartitionStateMachine.handleStateChanges(PartitionStateMachine.scala:141)
	at kafka.controller.KafkaController$ControlledShutdown.doControlledShutdown(KafkaController.scala:1094)
	at kafka.controller.KafkaController$ControlledShutdown.$anonfun$handleProcess$1(KafkaController.scala:1056)
	at scala.util.Try$.apply(Try.scala:213)
	at kafka.controller.KafkaController$ControlledShutdown.handleProcess(KafkaController.scala:1056)
	at kafka.controller.PreemptableControllerEvent.process(KafkaController.scala:1809)
	at kafka.controller.PreemptableControllerEvent.process$(KafkaController.scala:1807)
	at kafka.controller.KafkaController$ControlledShutdown.process(KafkaController.scala:1047)
	at kafka.controller.ControllerEventManager$ControllerEventThread.$anonfun$doWork$1(ControllerEventManager.scala:94)
	at scala.runtime.java8.JFunction0$mcV$sp.apply(JFunction0$mcV$sp.java:23)
	at kafka.metrics.KafkaTimer.time(KafkaTimer.scala:31)
	at kafka.controller.ControllerEventManager$ControllerEventThread.doWork(ControllerEventManager.scala:94)
	at kafka.utils.ShutdownableThread.run(ShutdownableThread.scala:82)
[2019-08-04 23:15:52,462] ERROR [Controller id=1 epoch=2] Controller 1 epoch 2 failed to change state for partition java-0 from OnlinePartition to OnlinePartition (state.change.logger)
kafka.common.StateChangeFailedException: Failed to elect leader for partition java-0 under strategy ControlledShutdownPartitionLeaderElectionStrategy
	at kafka.controller.PartitionStateMachine.$anonfun$doElectLeaderForPartitions$9(PartitionStateMachine.scala:390)
	at scala.collection.mutable.ResizableArray.foreach(ResizableArray.scala:62)
	at scala.collection.mutable.ResizableArray.foreach$(ResizableArray.scala:55)
	at scala.collection.mutable.ArrayBuffer.foreach(ArrayBuffer.scala:49)
	at kafka.controller.PartitionStateMachine.doElectLeaderForPartitions(PartitionStateMachine.scala:388)
	at kafka.controller.PartitionStateMachine.electLeaderForPartitions(PartitionStateMachine.scala:315)
	at kafka.controller.PartitionStateMachine.doHandleStateChanges(PartitionStateMachine.scala:225)
	at kafka.controller.PartitionStateMachine.handleStateChanges(PartitionStateMachine.scala:141)
	at kafka.controller.KafkaController$ControlledShutdown.doControlledShutdown(KafkaController.scala:1094)
	at kafka.controller.KafkaController$ControlledShutdown.$anonfun$handleProcess$1(KafkaController.scala:1056)
	at scala.util.Try$.apply(Try.scala:213)
	at kafka.controller.KafkaController$ControlledShutdown.handleProcess(KafkaController.scala:1056)
	at kafka.controller.PreemptableControllerEvent.process(KafkaController.scala:1809)
	at kafka.controller.PreemptableControllerEvent.process$(KafkaController.scala:1807)
	at kafka.controller.KafkaController$ControlledShutdown.process(KafkaController.scala:1047)
	at kafka.controller.ControllerEventManager$ControllerEventThread.$anonfun$doWork$1(ControllerEventManager.scala:94)
	at scala.runtime.java8.JFunction0$mcV$sp.apply(JFunction0$mcV$sp.java:23)
	at kafka.metrics.KafkaTimer.time(KafkaTimer.scala:31)
	at kafka.controller.ControllerEventManager$ControllerEventThread.doWork(ControllerEventManager.scala:94)
	at kafka.utils.ShutdownableThread.run(ShutdownableThread.scala:82)
[2019-08-04 23:16:16,635] DEBUG preRegister called. Server=com.sun.jmx.mbeanserver.JmxMBeanServer@30a3107a, name=log4j:logger=state.change.logger (state.change.logger)
[2019-08-04 23:16:17,287] ERROR [Controller id=1 epoch=2] Controller 1 epoch 2 failed to change state for partition c-1 from OnlinePartition to OnlinePartition (state.change.logger)
kafka.common.StateChangeFailedException: Failed to elect leader for partition c-1 under strategy ControlledShutdownPartitionLeaderElectionStrategy
	at kafka.controller.PartitionStateMachine.$anonfun$doElectLeaderForPartitions$9(PartitionStateMachine.scala:390)
	at scala.collection.mutable.ResizableArray.foreach(ResizableArray.scala:62)
	at scala.collection.mutable.ResizableArray.foreach$(ResizableArray.scala:55)
	at scala.collection.mutable.ArrayBuffer.foreach(ArrayBuffer.scala:49)
	at kafka.controller.PartitionStateMachine.doElectLeaderForPartitions(PartitionStateMachine.scala:388)
	at kafka.controller.PartitionStateMachine.electLeaderForPartitions(PartitionStateMachine.scala:315)
	at kafka.controller.PartitionStateMachine.doHandleStateChanges(PartitionStateMachine.scala:225)
	at kafka.controller.PartitionStateMachine.handleStateChanges(PartitionStateMachine.scala:141)
	at kafka.controller.KafkaController$ControlledShutdown.doControlledShutdown(KafkaController.scala:1094)
	at kafka.controller.KafkaController$ControlledShutdown.$anonfun$handleProcess$1(KafkaController.scala:1056)
	at scala.util.Try$.apply(Try.scala:213)
	at kafka.controller.KafkaController$ControlledShutdown.handleProcess(KafkaController.scala:1056)
	at kafka.controller.PreemptableControllerEvent.process(KafkaController.scala:1809)
	at kafka.controller.PreemptableControllerEvent.process$(KafkaController.scala:1807)
	at kafka.controller.KafkaController$ControlledShutdown.process(KafkaController.scala:1047)
	at kafka.controller.ControllerEventManager$ControllerEventThread.$anonfun$doWork$1(ControllerEventManager.scala:94)
	at scala.runtime.java8.JFunction0$mcV$sp.apply(JFunction0$mcV$sp.java:23)
	at kafka.metrics.KafkaTimer.time(KafkaTimer.scala:31)
	at kafka.controller.ControllerEventManager$ControllerEventThread.doWork(ControllerEventManager.scala:94)
	at kafka.utils.ShutdownableThread.run(ShutdownableThread.scala:82)
[2019-08-04 23:16:17,292] ERROR [Controller id=1 epoch=2] Controller 1 epoch 2 failed to change state for partition python-1 from OnlinePartition to OnlinePartition (state.change.logger)
kafka.common.StateChangeFailedException: Failed to elect leader for partition python-1 under strategy ControlledShutdownPartitionLeaderElectionStrategy
	at kafka.controller.PartitionStateMachine.$anonfun$doElectLeaderForPartitions$9(PartitionStateMachine.scala:390)
	at scala.collection.mutable.ResizableArray.foreach(ResizableArray.scala:62)
	at scala.collection.mutable.ResizableArray.foreach$(ResizableArray.scala:55)
	at scala.collection.mutable.ArrayBuffer.foreach(ArrayBuffer.scala:49)
	at kafka.controller.PartitionStateMachine.doElectLeaderForPartitions(PartitionStateMachine.scala:388)
	at kafka.controller.PartitionStateMachine.electLeaderForPartitions(PartitionStateMachine.scala:315)
	at kafka.controller.PartitionStateMachine.doHandleStateChanges(PartitionStateMachine.scala:225)
	at kafka.controller.PartitionStateMachine.handleStateChanges(PartitionStateMachine.scala:141)
	at kafka.controller.KafkaController$ControlledShutdown.doControlledShutdown(KafkaController.scala:1094)
	at kafka.controller.KafkaController$ControlledShutdown.$anonfun$handleProcess$1(KafkaController.scala:1056)
	at scala.util.Try$.apply(Try.scala:213)
	at kafka.controller.KafkaController$ControlledShutdown.handleProcess(KafkaController.scala:1056)
	at kafka.controller.PreemptableControllerEvent.process(KafkaController.scala:1809)
	at kafka.controller.PreemptableControllerEvent.process$(KafkaController.scala:1807)
	at kafka.controller.KafkaController$ControlledShutdown.process(KafkaController.scala:1047)
	at kafka.controller.ControllerEventManager$ControllerEventThread.$anonfun$doWork$1(ControllerEventManager.scala:94)
	at scala.runtime.java8.JFunction0$mcV$sp.apply(JFunction0$mcV$sp.java:23)
	at kafka.metrics.KafkaTimer.time(KafkaTimer.scala:31)
	at kafka.controller.ControllerEventManager$ControllerEventThread.doWork(ControllerEventManager.scala:94)
	at kafka.utils.ShutdownableThread.run(ShutdownableThread.scala:82)
[2019-08-04 23:16:17,293] ERROR [Controller id=1 epoch=2] Controller 1 epoch 2 failed to change state for partition c-0 from OnlinePartition to OnlinePartition (state.change.logger)
kafka.common.StateChangeFailedException: Failed to elect leader for partition c-0 under strategy ControlledShutdownPartitionLeaderElectionStrategy
	at kafka.controller.PartitionStateMachine.$anonfun$doElectLeaderForPartitions$9(PartitionStateMachine.scala:390)
	at scala.collection.mutable.ResizableArray.foreach(ResizableArray.scala:62)
	at scala.collection.mutable.ResizableArray.foreach$(ResizableArray.scala:55)
	at scala.collection.mutable.ArrayBuffer.foreach(ArrayBuffer.scala:49)
	at kafka.controller.PartitionStateMachine.doElectLeaderForPartitions(PartitionStateMachine.scala:388)
	at kafka.controller.PartitionStateMachine.electLeaderForPartitions(PartitionStateMachine.scala:315)
	at kafka.controller.PartitionStateMachine.doHandleStateChanges(PartitionStateMachine.scala:225)
	at kafka.controller.PartitionStateMachine.handleStateChanges(PartitionStateMachine.scala:141)
	at kafka.controller.KafkaController$ControlledShutdown.doControlledShutdown(KafkaController.scala:1094)
	at kafka.controller.KafkaController$ControlledShutdown.$anonfun$handleProcess$1(KafkaController.scala:1056)
	at scala.util.Try$.apply(Try.scala:213)
	at kafka.controller.KafkaController$ControlledShutdown.handleProcess(KafkaController.scala:1056)
	at kafka.controller.PreemptableControllerEvent.process(KafkaController.scala:1809)
	at kafka.controller.PreemptableControllerEvent.process$(KafkaController.scala:1807)
	at kafka.controller.KafkaController$ControlledShutdown.process(KafkaController.scala:1047)
	at kafka.controller.ControllerEventManager$ControllerEventThread.$anonfun$doWork$1(ControllerEventManager.scala:94)
	at scala.runtime.java8.JFunction0$mcV$sp.apply(JFunction0$mcV$sp.java:23)
	at kafka.metrics.KafkaTimer.time(KafkaTimer.scala:31)
	at kafka.controller.ControllerEventManager$ControllerEventThread.doWork(ControllerEventManager.scala:94)
	at kafka.utils.ShutdownableThread.run(ShutdownableThread.scala:82)
[2019-08-04 23:16:17,293] ERROR [Controller id=1 epoch=2] Controller 1 epoch 2 failed to change state for partition python-0 from OnlinePartition to OnlinePartition (state.change.logger)
kafka.common.StateChangeFailedException: Failed to elect leader for partition python-0 under strategy ControlledShutdownPartitionLeaderElectionStrategy
	at kafka.controller.PartitionStateMachine.$anonfun$doElectLeaderForPartitions$9(PartitionStateMachine.scala:390)
	at scala.collection.mutable.ResizableArray.foreach(ResizableArray.scala:62)
	at scala.collection.mutable.ResizableArray.foreach$(ResizableArray.scala:55)
	at scala.collection.mutable.ArrayBuffer.foreach(ArrayBuffer.scala:49)
	at kafka.controller.PartitionStateMachine.doElectLeaderForPartitions(PartitionStateMachine.scala:388)
	at kafka.controller.PartitionStateMachine.electLeaderForPartitions(PartitionStateMachine.scala:315)
	at kafka.controller.PartitionStateMachine.doHandleStateChanges(PartitionStateMachine.scala:225)
	at kafka.controller.PartitionStateMachine.handleStateChanges(PartitionStateMachine.scala:141)
	at kafka.controller.KafkaController$ControlledShutdown.doControlledShutdown(KafkaController.scala:1094)
	at kafka.controller.KafkaController$ControlledShutdown.$anonfun$handleProcess$1(KafkaController.scala:1056)
	at scala.util.Try$.apply(Try.scala:213)
	at kafka.controller.KafkaController$ControlledShutdown.handleProcess(KafkaController.scala:1056)
	at kafka.controller.PreemptableControllerEvent.process(KafkaController.scala:1809)
	at kafka.controller.PreemptableControllerEvent.process$(KafkaController.scala:1807)
	at kafka.controller.KafkaController$ControlledShutdown.process(KafkaController.scala:1047)
	at kafka.controller.ControllerEventManager$ControllerEventThread.$anonfun$doWork$1(ControllerEventManager.scala:94)
	at scala.runtime.java8.JFunction0$mcV$sp.apply(JFunction0$mcV$sp.java:23)
	at kafka.metrics.KafkaTimer.time(KafkaTimer.scala:31)
	at kafka.controller.ControllerEventManager$ControllerEventThread.doWork(ControllerEventManager.scala:94)
	at kafka.utils.ShutdownableThread.run(ShutdownableThread.scala:82)
[2019-08-04 23:16:17,294] ERROR [Controller id=1 epoch=2] Controller 1 epoch 2 failed to change state for partition java-1 from OnlinePartition to OnlinePartition (state.change.logger)
kafka.common.StateChangeFailedException: Failed to elect leader for partition java-1 under strategy ControlledShutdownPartitionLeaderElectionStrategy
	at kafka.controller.PartitionStateMachine.$anonfun$doElectLeaderForPartitions$9(PartitionStateMachine.scala:390)
	at scala.collection.mutable.ResizableArray.foreach(ResizableArray.scala:62)
	at scala.collection.mutable.ResizableArray.foreach$(ResizableArray.scala:55)
	at scala.collection.mutable.ArrayBuffer.foreach(ArrayBuffer.scala:49)
	at kafka.controller.PartitionStateMachine.doElectLeaderForPartitions(PartitionStateMachine.scala:388)
	at kafka.controller.PartitionStateMachine.electLeaderForPartitions(PartitionStateMachine.scala:315)
	at kafka.controller.PartitionStateMachine.doHandleStateChanges(PartitionStateMachine.scala:225)
	at kafka.controller.PartitionStateMachine.handleStateChanges(PartitionStateMachine.scala:141)
	at kafka.controller.KafkaController$ControlledShutdown.doControlledShutdown(KafkaController.scala:1094)
	at kafka.controller.KafkaController$ControlledShutdown.$anonfun$handleProcess$1(KafkaController.scala:1056)
	at scala.util.Try$.apply(Try.scala:213)
	at kafka.controller.KafkaController$ControlledShutdown.handleProcess(KafkaController.scala:1056)
	at kafka.controller.PreemptableControllerEvent.process(KafkaController.scala:1809)
	at kafka.controller.PreemptableControllerEvent.process$(KafkaController.scala:1807)
	at kafka.controller.KafkaController$ControlledShutdown.process(KafkaController.scala:1047)
	at kafka.controller.ControllerEventManager$ControllerEventThread.$anonfun$doWork$1(ControllerEventManager.scala:94)
	at scala.runtime.java8.JFunction0$mcV$sp.apply(JFunction0$mcV$sp.java:23)
	at kafka.metrics.KafkaTimer.time(KafkaTimer.scala:31)
	at kafka.controller.ControllerEventManager$ControllerEventThread.doWork(ControllerEventManager.scala:94)
	at kafka.utils.ShutdownableThread.run(ShutdownableThread.scala:82)
[2019-08-04 23:16:17,301] ERROR [Controller id=1 epoch=2] Controller 1 epoch 2 failed to change state for partition java-0 from OnlinePartition to OnlinePartition (state.change.logger)
kafka.common.StateChangeFailedException: Failed to elect leader for partition java-0 under strategy ControlledShutdownPartitionLeaderElectionStrategy
	at kafka.controller.PartitionStateMachine.$anonfun$doElectLeaderForPartitions$9(PartitionStateMachine.scala:390)
	at scala.collection.mutable.ResizableArray.foreach(ResizableArray.scala:62)
	at scala.collection.mutable.ResizableArray.foreach$(ResizableArray.scala:55)
	at scala.collection.mutable.ArrayBuffer.foreach(ArrayBuffer.scala:49)
	at kafka.controller.PartitionStateMachine.doElectLeaderForPartitions(PartitionStateMachine.scala:388)
	at kafka.controller.PartitionStateMachine.electLeaderForPartitions(PartitionStateMachine.scala:315)
	at kafka.controller.PartitionStateMachine.doHandleStateChanges(PartitionStateMachine.scala:225)
	at kafka.controller.PartitionStateMachine.handleStateChanges(PartitionStateMachine.scala:141)
	at kafka.controller.KafkaController$ControlledShutdown.doControlledShutdown(KafkaController.scala:1094)
	at kafka.controller.KafkaController$ControlledShutdown.$anonfun$handleProcess$1(KafkaController.scala:1056)
	at scala.util.Try$.apply(Try.scala:213)
	at kafka.controller.KafkaController$ControlledShutdown.handleProcess(KafkaController.scala:1056)
	at kafka.controller.PreemptableControllerEvent.process(KafkaController.scala:1809)
	at kafka.controller.PreemptableControllerEvent.process$(KafkaController.scala:1807)
	at kafka.controller.KafkaController$ControlledShutdown.process(KafkaController.scala:1047)
	at kafka.controller.ControllerEventManager$ControllerEventThread.$anonfun$doWork$1(ControllerEventManager.scala:94)
	at scala.runtime.java8.JFunction0$mcV$sp.apply(JFunction0$mcV$sp.java:23)
	at kafka.metrics.KafkaTimer.time(KafkaTimer.scala:31)
	at kafka.controller.ControllerEventManager$ControllerEventThread.doWork(ControllerEventManager.scala:94)
	at kafka.utils.ShutdownableThread.run(ShutdownableThread.scala:82)
[2019-08-04 23:16:22,322] ERROR [Controller id=1 epoch=2] Controller 1 epoch 2 failed to change state for partition c-1 from OnlinePartition to OnlinePartition (state.change.logger)
kafka.common.StateChangeFailedException: Failed to elect leader for partition c-1 under strategy ControlledShutdownPartitionLeaderElectionStrategy
	at kafka.controller.PartitionStateMachine.$anonfun$doElectLeaderForPartitions$9(PartitionStateMachine.scala:390)
	at scala.collection.mutable.ResizableArray.foreach(ResizableArray.scala:62)
	at scala.collection.mutable.ResizableArray.foreach$(ResizableArray.scala:55)
	at scala.collection.mutable.ArrayBuffer.foreach(ArrayBuffer.scala:49)
	at kafka.controller.PartitionStateMachine.doElectLeaderForPartitions(PartitionStateMachine.scala:388)
	at kafka.controller.PartitionStateMachine.electLeaderForPartitions(PartitionStateMachine.scala:315)
	at kafka.controller.PartitionStateMachine.doHandleStateChanges(PartitionStateMachine.scala:225)
	at kafka.controller.PartitionStateMachine.handleStateChanges(PartitionStateMachine.scala:141)
	at kafka.controller.KafkaController$ControlledShutdown.doControlledShutdown(KafkaController.scala:1094)
	at kafka.controller.KafkaController$ControlledShutdown.$anonfun$handleProcess$1(KafkaController.scala:1056)
	at scala.util.Try$.apply(Try.scala:213)
	at kafka.controller.KafkaController$ControlledShutdown.handleProcess(KafkaController.scala:1056)
	at kafka.controller.PreemptableControllerEvent.process(KafkaController.scala:1809)
	at kafka.controller.PreemptableControllerEvent.process$(KafkaController.scala:1807)
	at kafka.controller.KafkaController$ControlledShutdown.process(KafkaController.scala:1047)
	at kafka.controller.ControllerEventManager$ControllerEventThread.$anonfun$doWork$1(ControllerEventManager.scala:94)
	at scala.runtime.java8.JFunction0$mcV$sp.apply(JFunction0$mcV$sp.java:23)
	at kafka.metrics.KafkaTimer.time(KafkaTimer.scala:31)
	at kafka.controller.ControllerEventManager$ControllerEventThread.doWork(ControllerEventManager.scala:94)
	at kafka.utils.ShutdownableThread.run(ShutdownableThread.scala:82)
[2019-08-04 23:16:22,322] ERROR [Controller id=1 epoch=2] Controller 1 epoch 2 failed to change state for partition python-1 from OnlinePartition to OnlinePartition (state.change.logger)
kafka.common.StateChangeFailedException: Failed to elect leader for partition python-1 under strategy ControlledShutdownPartitionLeaderElectionStrategy
	at kafka.controller.PartitionStateMachine.$anonfun$doElectLeaderForPartitions$9(PartitionStateMachine.scala:390)
	at scala.collection.mutable.ResizableArray.foreach(ResizableArray.scala:62)
	at scala.collection.mutable.ResizableArray.foreach$(ResizableArray.scala:55)
	at scala.collection.mutable.ArrayBuffer.foreach(ArrayBuffer.scala:49)
	at kafka.controller.PartitionStateMachine.doElectLeaderForPartitions(PartitionStateMachine.scala:388)
	at kafka.controller.PartitionStateMachine.electLeaderForPartitions(PartitionStateMachine.scala:315)
	at kafka.controller.PartitionStateMachine.doHandleStateChanges(PartitionStateMachine.scala:225)
	at kafka.controller.PartitionStateMachine.handleStateChanges(PartitionStateMachine.scala:141)
	at kafka.controller.KafkaController$ControlledShutdown.doControlledShutdown(KafkaController.scala:1094)
	at kafka.controller.KafkaController$ControlledShutdown.$anonfun$handleProcess$1(KafkaController.scala:1056)
	at scala.util.Try$.apply(Try.scala:213)
	at kafka.controller.KafkaController$ControlledShutdown.handleProcess(KafkaController.scala:1056)
	at kafka.controller.PreemptableControllerEvent.process(KafkaController.scala:1809)
	at kafka.controller.PreemptableControllerEvent.process$(KafkaController.scala:1807)
	at kafka.controller.KafkaController$ControlledShutdown.process(KafkaController.scala:1047)
	at kafka.controller.ControllerEventManager$ControllerEventThread.$anonfun$doWork$1(ControllerEventManager.scala:94)
	at scala.runtime.java8.JFunction0$mcV$sp.apply(JFunction0$mcV$sp.java:23)
	at kafka.metrics.KafkaTimer.time(KafkaTimer.scala:31)
	at kafka.controller.ControllerEventManager$ControllerEventThread.doWork(ControllerEventManager.scala:94)
	at kafka.utils.ShutdownableThread.run(ShutdownableThread.scala:82)
[2019-08-04 23:16:22,322] ERROR [Controller id=1 epoch=2] Controller 1 epoch 2 failed to change state for partition c-0 from OnlinePartition to OnlinePartition (state.change.logger)
kafka.common.StateChangeFailedException: Failed to elect leader for partition c-0 under strategy ControlledShutdownPartitionLeaderElectionStrategy
	at kafka.controller.PartitionStateMachine.$anonfun$doElectLeaderForPartitions$9(PartitionStateMachine.scala:390)
	at scala.collection.mutable.ResizableArray.foreach(ResizableArray.scala:62)
	at scala.collection.mutable.ResizableArray.foreach$(ResizableArray.scala:55)
	at scala.collection.mutable.ArrayBuffer.foreach(ArrayBuffer.scala:49)
	at kafka.controller.PartitionStateMachine.doElectLeaderForPartitions(PartitionStateMachine.scala:388)
	at kafka.controller.PartitionStateMachine.electLeaderForPartitions(PartitionStateMachine.scala:315)
	at kafka.controller.PartitionStateMachine.doHandleStateChanges(PartitionStateMachine.scala:225)
	at kafka.controller.PartitionStateMachine.handleStateChanges(PartitionStateMachine.scala:141)
	at kafka.controller.KafkaController$ControlledShutdown.doControlledShutdown(KafkaController.scala:1094)
	at kafka.controller.KafkaController$ControlledShutdown.$anonfun$handleProcess$1(KafkaController.scala:1056)
	at scala.util.Try$.apply(Try.scala:213)
	at kafka.controller.KafkaController$ControlledShutdown.handleProcess(KafkaController.scala:1056)
	at kafka.controller.PreemptableControllerEvent.process(KafkaController.scala:1809)
	at kafka.controller.PreemptableControllerEvent.process$(KafkaController.scala:1807)
	at kafka.controller.KafkaController$ControlledShutdown.process(KafkaController.scala:1047)
	at kafka.controller.ControllerEventManager$ControllerEventThread.$anonfun$doWork$1(ControllerEventManager.scala:94)
	at scala.runtime.java8.JFunction0$mcV$sp.apply(JFunction0$mcV$sp.java:23)
	at kafka.metrics.KafkaTimer.time(KafkaTimer.scala:31)
	at kafka.controller.ControllerEventManager$ControllerEventThread.doWork(ControllerEventManager.scala:94)
	at kafka.utils.ShutdownableThread.run(ShutdownableThread.scala:82)
[2019-08-04 23:16:22,322] ERROR [Controller id=1 epoch=2] Controller 1 epoch 2 failed to change state for partition python-0 from OnlinePartition to OnlinePartition (state.change.logger)
kafka.common.StateChangeFailedException: Failed to elect leader for partition python-0 under strategy ControlledShutdownPartitionLeaderElectionStrategy
	at kafka.controller.PartitionStateMachine.$anonfun$doElectLeaderForPartitions$9(PartitionStateMachine.scala:390)
	at scala.collection.mutable.ResizableArray.foreach(ResizableArray.scala:62)
	at scala.collection.mutable.ResizableArray.foreach$(ResizableArray.scala:55)
	at scala.collection.mutable.ArrayBuffer.foreach(ArrayBuffer.scala:49)
	at kafka.controller.PartitionStateMachine.doElectLeaderForPartitions(PartitionStateMachine.scala:388)
	at kafka.controller.PartitionStateMachine.electLeaderForPartitions(PartitionStateMachine.scala:315)
	at kafka.controller.PartitionStateMachine.doHandleStateChanges(PartitionStateMachine.scala:225)
	at kafka.controller.PartitionStateMachine.handleStateChanges(PartitionStateMachine.scala:141)
	at kafka.controller.KafkaController$ControlledShutdown.doControlledShutdown(KafkaController.scala:1094)
	at kafka.controller.KafkaController$ControlledShutdown.$anonfun$handleProcess$1(KafkaController.scala:1056)
	at scala.util.Try$.apply(Try.scala:213)
	at kafka.controller.KafkaController$ControlledShutdown.handleProcess(KafkaController.scala:1056)
	at kafka.controller.PreemptableControllerEvent.process(KafkaController.scala:1809)
	at kafka.controller.PreemptableControllerEvent.process$(KafkaController.scala:1807)
	at kafka.controller.KafkaController$ControlledShutdown.process(KafkaController.scala:1047)
	at kafka.controller.ControllerEventManager$ControllerEventThread.$anonfun$doWork$1(ControllerEventManager.scala:94)
	at scala.runtime.java8.JFunction0$mcV$sp.apply(JFunction0$mcV$sp.java:23)
	at kafka.metrics.KafkaTimer.time(KafkaTimer.scala:31)
	at kafka.controller.ControllerEventManager$ControllerEventThread.doWork(ControllerEventManager.scala:94)
	at kafka.utils.ShutdownableThread.run(ShutdownableThread.scala:82)
[2019-08-04 23:16:22,323] ERROR [Controller id=1 epoch=2] Controller 1 epoch 2 failed to change state for partition java-1 from OnlinePartition to OnlinePartition (state.change.logger)
kafka.common.StateChangeFailedException: Failed to elect leader for partition java-1 under strategy ControlledShutdownPartitionLeaderElectionStrategy
	at kafka.controller.PartitionStateMachine.$anonfun$doElectLeaderForPartitions$9(PartitionStateMachine.scala:390)
	at scala.collection.mutable.ResizableArray.foreach(ResizableArray.scala:62)
	at scala.collection.mutable.ResizableArray.foreach$(ResizableArray.scala:55)
	at scala.collection.mutable.ArrayBuffer.foreach(ArrayBuffer.scala:49)
	at kafka.controller.PartitionStateMachine.doElectLeaderForPartitions(PartitionStateMachine.scala:388)
	at kafka.controller.PartitionStateMachine.electLeaderForPartitions(PartitionStateMachine.scala:315)
	at kafka.controller.PartitionStateMachine.doHandleStateChanges(PartitionStateMachine.scala:225)
	at kafka.controller.PartitionStateMachine.handleStateChanges(PartitionStateMachine.scala:141)
	at kafka.controller.KafkaController$ControlledShutdown.doControlledShutdown(KafkaController.scala:1094)
	at kafka.controller.KafkaController$ControlledShutdown.$anonfun$handleProcess$1(KafkaController.scala:1056)
	at scala.util.Try$.apply(Try.scala:213)
	at kafka.controller.KafkaController$ControlledShutdown.handleProcess(KafkaController.scala:1056)
	at kafka.controller.PreemptableControllerEvent.process(KafkaController.scala:1809)
	at kafka.controller.PreemptableControllerEvent.process$(KafkaController.scala:1807)
	at kafka.controller.KafkaController$ControlledShutdown.process(KafkaController.scala:1047)
	at kafka.controller.ControllerEventManager$ControllerEventThread.$anonfun$doWork$1(ControllerEventManager.scala:94)
	at scala.runtime.java8.JFunction0$mcV$sp.apply(JFunction0$mcV$sp.java:23)
	at kafka.metrics.KafkaTimer.time(KafkaTimer.scala:31)
	at kafka.controller.ControllerEventManager$ControllerEventThread.doWork(ControllerEventManager.scala:94)
	at kafka.utils.ShutdownableThread.run(ShutdownableThread.scala:82)
[2019-08-04 23:16:22,323] ERROR [Controller id=1 epoch=2] Controller 1 epoch 2 failed to change state for partition java-0 from OnlinePartition to OnlinePartition (state.change.logger)
kafka.common.StateChangeFailedException: Failed to elect leader for partition java-0 under strategy ControlledShutdownPartitionLeaderElectionStrategy
	at kafka.controller.PartitionStateMachine.$anonfun$doElectLeaderForPartitions$9(PartitionStateMachine.scala:390)
	at scala.collection.mutable.ResizableArray.foreach(ResizableArray.scala:62)
	at scala.collection.mutable.ResizableArray.foreach$(ResizableArray.scala:55)
	at scala.collection.mutable.ArrayBuffer.foreach(ArrayBuffer.scala:49)
	at kafka.controller.PartitionStateMachine.doElectLeaderForPartitions(PartitionStateMachine.scala:388)
	at kafka.controller.PartitionStateMachine.electLeaderForPartitions(PartitionStateMachine.scala:315)
	at kafka.controller.PartitionStateMachine.doHandleStateChanges(PartitionStateMachine.scala:225)
	at kafka.controller.PartitionStateMachine.handleStateChanges(PartitionStateMachine.scala:141)
	at kafka.controller.KafkaController$ControlledShutdown.doControlledShutdown(KafkaController.scala:1094)
	at kafka.controller.KafkaController$ControlledShutdown.$anonfun$handleProcess$1(KafkaController.scala:1056)
	at scala.util.Try$.apply(Try.scala:213)
	at kafka.controller.KafkaController$ControlledShutdown.handleProcess(KafkaController.scala:1056)
	at kafka.controller.PreemptableControllerEvent.process(KafkaController.scala:1809)
	at kafka.controller.PreemptableControllerEvent.process$(KafkaController.scala:1807)
	at kafka.controller.KafkaController$ControlledShutdown.process(KafkaController.scala:1047)
	at kafka.controller.ControllerEventManager$ControllerEventThread.$anonfun$doWork$1(ControllerEventManager.scala:94)
	at scala.runtime.java8.JFunction0$mcV$sp.apply(JFunction0$mcV$sp.java:23)
	at kafka.metrics.KafkaTimer.time(KafkaTimer.scala:31)
	at kafka.controller.ControllerEventManager$ControllerEventThread.doWork(ControllerEventManager.scala:94)
	at kafka.utils.ShutdownableThread.run(ShutdownableThread.scala:82)
